Parsed file:///home/steven/Documents/SysmlV2/Jeep.sysml in 4.58 ms (0 bytes/ms)
Collected standard library:
[
  "file:///home/steven/.vscode-oss/extensions/sensmetry.sysml-2ls-0.8.0-universal/sysml.library/Systems%20Library/Actions.sysml",
  "file:///home/steven/.vscode-oss/extensions/sensmetry.sysml-2ls-0.8.0-universal/sysml.library/Systems%20Library/Allocations.sysml",
  "file:///home/steven/.vscode-oss/extensions/sensmetry.sysml-2ls-0.8.0-universal/sysml.library/Systems%20Library/AnalysisCases.sysml",
  "file:///home/steven/.vscode-oss/extensions/sensmetry.sysml-2ls-0.8.0-universal/sysml.library/Systems%20Library/Attributes.sysml",
  "file:///home/steven/.vscode-oss/extensions/sensmetry.sysml-2ls-0.8.0-universal/sysml.library/Systems%20Library/Calculations.sysml",
  "file:///home/steven/.vscode-oss/extensions/sensmetry.sysml-2ls-0.8.0-universal/sysml.library/Systems%20Library/Cases.sysml",
  "file:///home/steven/.vscode-oss/extensions/sensmetry.sysml-2ls-0.8.0-universal/sysml.library/Systems%20Library/Connections.sysml",
  "file:///home/steven/.vscode-oss/extensions/sensmetry.sysml-2ls-0.8.0-universal/sysml.library/Systems%20Library/Constraints.sysml",
  "file:///home/steven/.vscode-oss/extensions/sensmetry.sysml-2ls-0.8.0-universal/sysml.library/Systems%20Library/Interfaces.sysml",
  "file:///home/steven/.vscode-oss/extensions/sensmetry.sysml-2ls-0.8.0-universal/sysml.library/Systems%20Library/Items.sysml",
  "file:///home/steven/.vscode-oss/extensions/sensmetry.sysml-2ls-0.8.0-universal/sysml.library/Systems%20Library/Metadata.sysml",
  "file:///home/steven/.vscode-oss/extensions/sensmetry.sysml-2ls-0.8.0-universal/sysml.library/Systems%20Library/Parts.sysml",
  "file:///home/steven/.vscode-oss/extensions/sensmetry.sysml-2ls-0.8.0-universal/sysml.library/Systems%20Library/Ports.sysml",
  "file:///home/steven/.vscode-oss/extensions/sensmetry.sysml-2ls-0.8.0-universal/sysml.library/Systems%20Library/Requirements.sysml",
  "file:///home/steven/.vscode-oss/extensions/sensmetry.sysml-2ls-0.8.0-universal/sysml.library/Systems%20Library/StandardViewDefinitions.sysml",
  "file:///home/steven/.vscode-oss/extensions/sensmetry.sysml-2ls-0.8.0-universal/sysml.library/Systems%20Library/States.sysml",
  "file:///home/steven/.vscode-oss/extensions/sensmetry.sysml-2ls-0.8.0-universal/sysml.library/Systems%20Library/SysML.sysml",
  "file:///home/steven/.vscode-oss/extensions/sensmetry.sysml-2ls-0.8.0-universal/sysml.library/Systems%20Library/UseCases.sysml",
  "file:///home/steven/.vscode-oss/extensions/sensmetry.sysml-2ls-0.8.0-universal/sysml.library/Systems%20Library/VerificationCases.sysml",
  "file:///home/steven/.vscode-oss/extensions/sensmetry.sysml-2ls-0.8.0-universal/sysml.library/Systems%20Library/Views.sysml",
  "file:///home/steven/.vscode-oss/extensions/sensmetry.sysml-2ls-0.8.0-universal/sysml.library/Domain%20Libraries/Analysis/AnalysisTooling.sysml",
  "file:///home/steven/.vscode-oss/extensions/sensmetry.sysml-2ls-0.8.0-universal/sysml.library/Domain%20Libraries/Analysis/SampledFunctions.sysml",
  "file:///home/steven/.vscode-oss/extensions/sensmetry.sysml-2ls-0.8.0-universal/sysml.library/Domain%20Libraries/Analysis/StateSpaceRepresentation.sysml",
  "file:///home/steven/.vscode-oss/extensions/sensmetry.sysml-2ls-0.8.0-universal/sysml.library/Domain%20Libraries/Analysis/TradeStudies.sysml",
  "file:///home/steven/.vscode-oss/extensions/sensmetry.sysml-2ls-0.8.0-universal/sysml.library/Domain%20Libraries/Cause%20and%20Effect/CausationConnections.sysml",
  "file:///home/steven/.vscode-oss/extensions/sensmetry.sysml-2ls-0.8.0-universal/sysml.library/Domain%20Libraries/Cause%20and%20Effect/CauseAndEffect.sysml",
  "file:///home/steven/.vscode-oss/extensions/sensmetry.sysml-2ls-0.8.0-universal/sysml.library/Domain%20Libraries/Geometry/ShapeItems.sysml",
  "file:///home/steven/.vscode-oss/extensions/sensmetry.sysml-2ls-0.8.0-universal/sysml.library/Domain%20Libraries/Geometry/SpatialItems.sysml",
  "file:///home/steven/.vscode-oss/extensions/sensmetry.sysml-2ls-0.8.0-universal/sysml.library/Domain%20Libraries/Metadata/ImageMetadata.sysml",
  "file:///home/steven/.vscode-oss/extensions/sensmetry.sysml-2ls-0.8.0-universal/sysml.library/Domain%20Libraries/Metadata/ModelingMetadata.sysml",
  "file:///home/steven/.vscode-oss/extensions/sensmetry.sysml-2ls-0.8.0-universal/sysml.library/Domain%20Libraries/Metadata/ParametersOfInterestMetadata.sysml",
  "file:///home/steven/.vscode-oss/extensions/sensmetry.sysml-2ls-0.8.0-universal/sysml.library/Domain%20Libraries/Metadata/RiskMetadata.sysml",
  "file:///home/steven/.vscode-oss/extensions/sensmetry.sysml-2ls-0.8.0-universal/sysml.library/Domain%20Libraries/Quantities%20and%20Units/ISQ.sysml",
  "file:///home/steven/.vscode-oss/extensions/sensmetry.sysml-2ls-0.8.0-universal/sysml.library/Domain%20Libraries/Quantities%20and%20Units/ISQAcoustics.sysml",
  "file:///home/steven/.vscode-oss/extensions/sensmetry.sysml-2ls-0.8.0-universal/sysml.library/Domain%20Libraries/Quantities%20and%20Units/ISQAtomicNuclear.sysml",
  "file:///home/steven/.vscode-oss/extensions/sensmetry.sysml-2ls-0.8.0-universal/sysml.library/Domain%20Libraries/Quantities%20and%20Units/ISQBase.sysml",
  "file:///home/steven/.vscode-oss/extensions/sensmetry.sysml-2ls-0.8.0-universal/sysml.library/Domain%20Libraries/Quantities%20and%20Units/ISQCharacteristicNumbers.sysml",
  "file:///home/steven/.vscode-oss/extensions/sensmetry.sysml-2ls-0.8.0-universal/sysml.library/Domain%20Libraries/Quantities%20and%20Units/ISQChemistryMolecular.sysml",
  "file:///home/steven/.vscode-oss/extensions/sensmetry.sysml-2ls-0.8.0-universal/sysml.library/Domain%20Libraries/Quantities%20and%20Units/ISQCondensedMatter.sysml",
  "file:///home/steven/.vscode-oss/extensions/sensmetry.sysml-2ls-0.8.0-universal/sysml.library/Domain%20Libraries/Quantities%20and%20Units/ISQElectromagnetism.sysml",
  "file:///home/steven/.vscode-oss/extensions/sensmetry.sysml-2ls-0.8.0-universal/sysml.library/Domain%20Libraries/Quantities%20and%20Units/ISQInformation.sysml",
  "file:///home/steven/.vscode-oss/extensions/sensmetry.sysml-2ls-0.8.0-universal/sysml.library/Domain%20Libraries/Quantities%20and%20Units/ISQLight.sysml",
  "file:///home/steven/.vscode-oss/extensions/sensmetry.sysml-2ls-0.8.0-universal/sysml.library/Domain%20Libraries/Quantities%20and%20Units/ISQMechanics.sysml",
  "file:///home/steven/.vscode-oss/extensions/sensmetry.sysml-2ls-0.8.0-universal/sysml.library/Domain%20Libraries/Quantities%20and%20Units/ISQSpaceTime.sysml",
  "file:///home/steven/.vscode-oss/extensions/sensmetry.sysml-2ls-0.8.0-universal/sysml.library/Domain%20Libraries/Quantities%20and%20Units/ISQThermodynamics.sysml",
  "file:///home/steven/.vscode-oss/extensions/sensmetry.sysml-2ls-0.8.0-universal/sysml.library/Domain%20Libraries/Quantities%20and%20Units/MeasurementRefCalculations.sysml",
  "file:///home/steven/.vscode-oss/extensions/sensmetry.sysml-2ls-0.8.0-universal/sysml.library/Domain%20Libraries/Quantities%20and%20Units/MeasurementReferences.sysml",
  "file:///home/steven/.vscode-oss/extensions/sensmetry.sysml-2ls-0.8.0-universal/sysml.library/Domain%20Libraries/Quantities%20and%20Units/Quantities.sysml",
  "file:///home/steven/.vscode-oss/extensions/sensmetry.sysml-2ls-0.8.0-universal/sysml.library/Domain%20Libraries/Quantities%20and%20Units/QuantityCalculations.sysml",
  "file:///home/steven/.vscode-oss/extensions/sensmetry.sysml-2ls-0.8.0-universal/sysml.library/Domain%20Libraries/Quantities%20and%20Units/SI.sysml",
  "file:///home/steven/.vscode-oss/extensions/sensmetry.sysml-2ls-0.8.0-universal/sysml.library/Domain%20Libraries/Quantities%20and%20Units/SIPrefixes.sysml",
  "file:///home/steven/.vscode-oss/extensions/sensmetry.sysml-2ls-0.8.0-universal/sysml.library/Domain%20Libraries/Quantities%20and%20Units/TensorCalculations.sysml",
  "file:///home/steven/.vscode-oss/extensions/sensmetry.sysml-2ls-0.8.0-universal/sysml.library/Domain%20Libraries/Quantities%20and%20Units/Time.sysml",
  "file:///home/steven/.vscode-oss/extensions/sensmetry.sysml-2ls-0.8.0-universal/sysml.library/Domain%20Libraries/Quantities%20and%20Units/USCustomaryUnits.sysml",
  "file:///home/steven/.vscode-oss/extensions/sensmetry.sysml-2ls-0.8.0-universal/sysml.library/Domain%20Libraries/Quantities%20and%20Units/VectorCalculations.sysml",
  "file:///home/steven/.vscode-oss/extensions/sensmetry.sysml-2ls-0.8.0-universal/sysml.library/Domain%20Libraries/Requirement%20Derivation/DerivationConnections.sysml",
  "file:///home/steven/.vscode-oss/extensions/sensmetry.sysml-2ls-0.8.0-universal/sysml.library/Domain%20Libraries/Requirement%20Derivation/RequirementDerivation.sysml",
  "file:///home/steven/.vscode-oss/extensions/sensmetry.sysml-2ls-0.8.0-universal/sysml.library/Kernel%20Libraries/Kernel%20Data%20Type%20Library/Collections.kerml",
  "file:///home/steven/.vscode-oss/extensions/sensmetry.sysml-2ls-0.8.0-universal/sysml.library/Kernel%20Libraries/Kernel%20Data%20Type%20Library/ScalarValues.kerml",
  "file:///home/steven/.vscode-oss/extensions/sensmetry.sysml-2ls-0.8.0-universal/sysml.library/Kernel%20Libraries/Kernel%20Data%20Type%20Library/VectorValues.kerml",
  "file:///home/steven/.vscode-oss/extensions/sensmetry.sysml-2ls-0.8.0-universal/sysml.library/Kernel%20Libraries/Kernel%20Function%20Library/BaseFunctions.kerml",
  "file:///home/steven/.vscode-oss/extensions/sensmetry.sysml-2ls-0.8.0-universal/sysml.library/Kernel%20Libraries/Kernel%20Function%20Library/BooleanFunctions.kerml",
  "file:///home/steven/.vscode-oss/extensions/sensmetry.sysml-2ls-0.8.0-universal/sysml.library/Kernel%20Libraries/Kernel%20Function%20Library/CollectionFunctions.kerml",
  "file:///home/steven/.vscode-oss/extensions/sensmetry.sysml-2ls-0.8.0-universal/sysml.library/Kernel%20Libraries/Kernel%20Function%20Library/ComplexFunctions.kerml",
  "file:///home/steven/.vscode-oss/extensions/sensmetry.sysml-2ls-0.8.0-universal/sysml.library/Kernel%20Libraries/Kernel%20Function%20Library/ControlFunctions.kerml",
  "file:///home/steven/.vscode-oss/extensions/sensmetry.sysml-2ls-0.8.0-universal/sysml.library/Kernel%20Libraries/Kernel%20Function%20Library/DataFunctions.kerml",
  "file:///home/steven/.vscode-oss/extensions/sensmetry.sysml-2ls-0.8.0-universal/sysml.library/Kernel%20Libraries/Kernel%20Function%20Library/IntegerFunctions.kerml",
  "file:///home/steven/.vscode-oss/extensions/sensmetry.sysml-2ls-0.8.0-universal/sysml.library/Kernel%20Libraries/Kernel%20Function%20Library/NaturalFunctions.kerml",
  "file:///home/steven/.vscode-oss/extensions/sensmetry.sysml-2ls-0.8.0-universal/sysml.library/Kernel%20Libraries/Kernel%20Function%20Library/NumericalFunctions.kerml",
  "file:///home/steven/.vscode-oss/extensions/sensmetry.sysml-2ls-0.8.0-universal/sysml.library/Kernel%20Libraries/Kernel%20Function%20Library/OccurrenceFunctions.kerml",
  "file:///home/steven/.vscode-oss/extensions/sensmetry.sysml-2ls-0.8.0-universal/sysml.library/Kernel%20Libraries/Kernel%20Function%20Library/RationalFunctions.kerml",
  "file:///home/steven/.vscode-oss/extensions/sensmetry.sysml-2ls-0.8.0-universal/sysml.library/Kernel%20Libraries/Kernel%20Function%20Library/RealFunctions.kerml",
  "file:///home/steven/.vscode-oss/extensions/sensmetry.sysml-2ls-0.8.0-universal/sysml.library/Kernel%20Libraries/Kernel%20Function%20Library/ScalarFunctions.kerml",
  "file:///home/steven/.vscode-oss/extensions/sensmetry.sysml-2ls-0.8.0-universal/sysml.library/Kernel%20Libraries/Kernel%20Function%20Library/SequenceFunctions.kerml",
  "file:///home/steven/.vscode-oss/extensions/sensmetry.sysml-2ls-0.8.0-universal/sysml.library/Kernel%20Libraries/Kernel%20Function%20Library/StringFunctions.kerml",
  "file:///home/steven/.vscode-oss/extensions/sensmetry.sysml-2ls-0.8.0-universal/sysml.library/Kernel%20Libraries/Kernel%20Function%20Library/TrigFunctions.kerml",
  "file:///home/steven/.vscode-oss/extensions/sensmetry.sysml-2ls-0.8.0-universal/sysml.library/Kernel%20Libraries/Kernel%20Function%20Library/VectorFunctions.kerml",
  "file:///home/steven/.vscode-oss/extensions/sensmetry.sysml-2ls-0.8.0-universal/sysml.library/Kernel%20Libraries/Kernel%20Semantic%20Library/Base.kerml",
  "file:///home/steven/.vscode-oss/extensions/sensmetry.sysml-2ls-0.8.0-universal/sysml.library/Kernel%20Libraries/Kernel%20Semantic%20Library/Clocks.kerml",
  "file:///home/steven/.vscode-oss/extensions/sensmetry.sysml-2ls-0.8.0-universal/sysml.library/Kernel%20Libraries/Kernel%20Semantic%20Library/ControlPerformances.kerml",
  "file:///home/steven/.vscode-oss/extensions/sensmetry.sysml-2ls-0.8.0-universal/sysml.library/Kernel%20Libraries/Kernel%20Semantic%20Library/FeatureReferencingPerformances.kerml",
  "file:///home/steven/.vscode-oss/extensions/sensmetry.sysml-2ls-0.8.0-universal/sysml.library/Kernel%20Libraries/Kernel%20Semantic%20Library/KerML.kerml",
  "file:///home/steven/.vscode-oss/extensions/sensmetry.sysml-2ls-0.8.0-universal/sysml.library/Kernel%20Libraries/Kernel%20Semantic%20Library/Links.kerml",
  "file:///home/steven/.vscode-oss/extensions/sensmetry.sysml-2ls-0.8.0-universal/sysml.library/Kernel%20Libraries/Kernel%20Semantic%20Library/Metaobjects.kerml",
  "file:///home/steven/.vscode-oss/extensions/sensmetry.sysml-2ls-0.8.0-universal/sysml.library/Kernel%20Libraries/Kernel%20Semantic%20Library/Objects.kerml",
  "file:///home/steven/.vscode-oss/extensions/sensmetry.sysml-2ls-0.8.0-universal/sysml.library/Kernel%20Libraries/Kernel%20Semantic%20Library/Observation.kerml",
  "file:///home/steven/.vscode-oss/extensions/sensmetry.sysml-2ls-0.8.0-universal/sysml.library/Kernel%20Libraries/Kernel%20Semantic%20Library/Occurrences.kerml",
  "file:///home/steven/.vscode-oss/extensions/sensmetry.sysml-2ls-0.8.0-universal/sysml.library/Kernel%20Libraries/Kernel%20Semantic%20Library/Performances.kerml",
  "file:///home/steven/.vscode-oss/extensions/sensmetry.sysml-2ls-0.8.0-universal/sysml.library/Kernel%20Libraries/Kernel%20Semantic%20Library/SpatialFrames.kerml",
  "file:///home/steven/.vscode-oss/extensions/sensmetry.sysml-2ls-0.8.0-universal/sysml.library/Kernel%20Libraries/Kernel%20Semantic%20Library/StatePerformances.kerml",
  "file:///home/steven/.vscode-oss/extensions/sensmetry.sysml-2ls-0.8.0-universal/sysml.library/Kernel%20Libraries/Kernel%20Semantic%20Library/Transfers.kerml",
  "file:///home/steven/.vscode-oss/extensions/sensmetry.sysml-2ls-0.8.0-universal/sysml.library/Kernel%20Libraries/Kernel%20Semantic%20Library/TransitionPerformances.kerml",
  "file:///home/steven/.vscode-oss/extensions/sensmetry.sysml-2ls-0.8.0-universal/sysml.library/Kernel%20Libraries/Kernel%20Semantic%20Library/Triggers.kerml"
]
