2025-03-13 21:00:54.578 [info] [main] Log level: Info
2025-03-13 21:00:54.578 [info] [main] Validating found git in: "git"
2025-03-13 21:00:54.578 [info] [main] Using git "2.48.1" from "git"
2025-03-13 21:00:54.578 [info] [Model][doInitialScan] Initial repository scan started
2025-03-13 21:00:54.578 [info] [Model][doInitialScan] Initial repository scan completed - repositories (0), closed repositories (0), parent repositories (0), unsafe repositories (0)
2025-03-13 21:01:24.097 [info] > git rev-parse --show-toplevel [4ms]
2025-03-13 21:01:30.666 [info] [main] Log level: Info
2025-03-13 21:01:30.666 [info] [main] Validating found git in: "git"
2025-03-13 21:01:30.666 [info] [main] Using git "2.48.1" from "git"
2025-03-13 21:01:30.666 [info] [Model][doInitialScan] Initial repository scan started
2025-03-13 21:01:30.666 [info] > git rev-parse --show-toplevel [26ms]
2025-03-13 21:01:30.686 [info] > git rev-parse --git-dir --git-common-dir [7ms]
2025-03-13 21:01:30.724 [info] [Model][openRepository] Opened repository: /home/steven/github/Programing-Practice
2025-03-13 21:01:30.747 [info] > git config --get commit.template [6ms]
2025-03-13 21:01:30.774 [info] > git rev-parse --show-toplevel [15ms]
2025-03-13 21:01:30.820 [info] > git for-each-ref --format=%(refname)%00%(upstream:short)%00%(objectname)%00%(upstream:track)%00%(upstream:remotename)%00%(upstream:remoteref) refs/heads/main refs/remotes/main [49ms]
2025-03-13 21:01:30.852 [info] > git rev-parse --show-toplevel [33ms]
2025-03-13 21:01:30.897 [info] > git status -z -uall [16ms]
2025-03-13 21:01:30.897 [info] > git rev-parse --show-toplevel [35ms]
2025-03-13 21:01:30.909 [info] > git rev-parse --show-toplevel [6ms]
2025-03-13 21:01:30.909 [info] > git for-each-ref --sort -committerdate --format %(refname) %(objectname) %(*objectname) [14ms]
2025-03-13 21:01:30.983 [info] > git for-each-ref --format=%(refname)%00%(upstream:short)%00%(objectname)%00%(upstream:track)%00%(upstream:remotename)%00%(upstream:remoteref) refs/heads/main refs/remotes/main [33ms]
2025-03-13 21:01:30.999 [info] > git config --get commit.template [24ms]
2025-03-13 21:01:30.999 [info] > git rev-parse --show-toplevel [33ms]
2025-03-13 21:01:31.064 [info] > git config --get --local branch.main.vscode-merge-base [67ms]
2025-03-13 21:01:31.064 [warning] [Git][config] git config failed: Failed to execute git
2025-03-13 21:01:31.100 [info] > git reflog main --grep-reflog=branch: Created from *. [25ms]
2025-03-13 21:01:31.107 [info] > git rev-parse --show-toplevel [44ms]
2025-03-13 21:01:31.108 [info] [Model][doInitialScan] Initial repository scan completed - repositories (1), closed repositories (0), parent repositories (0), unsafe repositories (0)
2025-03-13 21:01:31.111 [info] > git symbolic-ref --short refs/remotes/origin/HEAD [4ms]
2025-03-13 21:01:31.117 [info] > git for-each-ref --format=%(refname)%00%(upstream:short)%00%(objectname)%00%(upstream:track)%00%(upstream:remotename)%00%(upstream:remoteref) refs/heads/main refs/remotes/main [20ms]
2025-03-13 21:01:31.121 [info] > git for-each-ref --format=%(refname)%00%(upstream:short)%00%(objectname)%00%(upstream:track)%00%(upstream:remotename)%00%(upstream:remoteref) refs/heads/origin/main refs/remotes/origin/main [5ms]
2025-03-13 21:01:31.145 [info] > git status -z -uall [8ms]
2025-03-13 21:01:31.145 [info] > git config --add --local branch.main.vscode-merge-base origin/main [18ms]
2025-03-13 21:01:31.147 [info] > git for-each-ref --sort -committerdate --format %(refname) %(objectname) %(*objectname) [4ms] (cancelled)
2025-03-13 21:01:31.173 [info] > git for-each-ref --format=%(refname)%00%(upstream:short)%00%(objectname)%00%(upstream:track)%00%(upstream:remotename)%00%(upstream:remoteref) refs/heads/main refs/remotes/main [18ms]
2025-03-13 21:01:31.184 [info] > git config --get --local branch.main.vscode-merge-base [3ms]
2025-03-13 21:01:31.200 [info] > git config --get commit.template [30ms]
2025-03-13 21:01:31.214 [info] > git for-each-ref --format=%(refname)%00%(upstream:short)%00%(objectname)%00%(upstream:track)%00%(upstream:remotename)%00%(upstream:remoteref) refs/heads/origin/main refs/remotes/origin/main [15ms]
2025-03-13 21:01:31.224 [info] > git for-each-ref --format=%(refname)%00%(upstream:short)%00%(objectname)%00%(upstream:track)%00%(upstream:remotename)%00%(upstream:remoteref) refs/heads/main refs/remotes/main [12ms]
2025-03-13 21:01:31.226 [info] > git merge-base refs/heads/main refs/remotes/origin/main [4ms]
2025-03-13 21:01:31.250 [info] > git status -z -uall [9ms]
2025-03-13 21:01:31.251 [info] > git diff --name-status -z --diff-filter=ADMR 22d8500b63e22e5765521b64b37e9dfd05e96d62...refs/remotes/origin/main [17ms]
2025-03-13 21:01:31.253 [info] > git for-each-ref --sort -committerdate --format %(refname) %(objectname) %(*objectname) [5ms]
2025-03-13 21:01:31.281 [info] > git check-ignore -v -z --stdin [5ms]
2025-03-13 21:01:31.422 [info] > git fetch [698ms]
2025-03-13 21:01:31.422 [info] Missing or invalid credentials.
Skip silent fetch commands
git@github.com: Permission denied (publickey).
fatal: Could not read from remote repository.

Please make sure you have the correct access rights
and the repository exists.
2025-03-13 21:01:31.437 [info] > git config --get commit.template [8ms]
2025-03-13 21:01:31.441 [info] > git for-each-ref --format=%(refname)%00%(upstream:short)%00%(objectname)%00%(upstream:track)%00%(upstream:remotename)%00%(upstream:remoteref) refs/heads/main refs/remotes/main [6ms]
2025-03-13 21:01:31.455 [info] > git status -z -uall [7ms]
2025-03-13 21:01:31.458 [info] > git for-each-ref --sort -committerdate --format %(refname) %(objectname) %(*objectname) [3ms]
2025-03-13 21:01:36.219 [info] > git show --textconv :README.md [11ms]
2025-03-13 21:01:36.222 [info] > git ls-files --stage -- README.md [4ms]
2025-03-13 21:01:36.235 [info] > git cat-file -s 9c5fc60cd6b5ef3ffa8754be332215da79dbf700 [4ms]
2025-03-13 21:01:42.798 [info] > git check-ignore -v -z --stdin [2ms]
2025-03-13 21:02:44.756 [info] > git log --format=%H%n%aN%n%aE%n%at%n%ct%n%P%n%D%n%B -z --shortstat --diff-merges=first-parent -n50 --skip=0 --topo-order --decorate=full --stdin [46ms]
2025-03-13 21:04:32.158 [info] > git fetch [687ms]
2025-03-13 21:04:32.158 [info] Missing or invalid credentials.
Skip silent fetch commands
git@github.com: Permission denied (publickey).
fatal: Could not read from remote repository.

Please make sure you have the correct access rights
and the repository exists.
2025-03-13 21:04:32.173 [info] > git config --get commit.template [4ms]
2025-03-13 21:04:32.188 [info] > git for-each-ref --format=%(refname)%00%(upstream:short)%00%(objectname)%00%(upstream:track)%00%(upstream:remotename)%00%(upstream:remoteref) refs/heads/main refs/remotes/main [3ms]
2025-03-13 21:04:32.204 [info] > git status -z -uall [9ms]
2025-03-13 21:04:32.206 [info] > git for-each-ref --sort -committerdate --format %(refname) %(objectname) %(*objectname) [4ms]
2025-03-13 21:07:32.897 [info] > git fetch [673ms]
2025-03-13 21:07:32.897 [info] Missing or invalid credentials.
Skip silent fetch commands
git@github.com: Permission denied (publickey).
fatal: Could not read from remote repository.

Please make sure you have the correct access rights
and the repository exists.
2025-03-13 21:07:32.914 [info] > git config --get commit.template [8ms]
2025-03-13 21:07:32.916 [info] > git for-each-ref --format=%(refname)%00%(upstream:short)%00%(objectname)%00%(upstream:track)%00%(upstream:remotename)%00%(upstream:remoteref) refs/heads/main refs/remotes/main [3ms]
2025-03-13 21:07:32.936 [info] > git status -z -uall [11ms]
2025-03-13 21:07:32.939 [info] > git for-each-ref --sort -committerdate --format %(refname) %(objectname) %(*objectname) [5ms]
2025-03-13 21:10:33.661 [info] > git fetch [707ms]
2025-03-13 21:10:33.661 [info] Missing or invalid credentials.
Skip silent fetch commands
git@github.com: Permission denied (publickey).
fatal: Could not read from remote repository.

Please make sure you have the correct access rights
and the repository exists.
2025-03-13 21:10:33.678 [info] > git config --get commit.template [8ms]
2025-03-13 21:10:33.681 [info] > git for-each-ref --format=%(refname)%00%(upstream:short)%00%(objectname)%00%(upstream:track)%00%(upstream:remotename)%00%(upstream:remoteref) refs/heads/main refs/remotes/main [4ms]
2025-03-13 21:10:33.697 [info] > git status -z -uall [9ms]
2025-03-13 21:10:33.701 [info] > git for-each-ref --sort -committerdate --format %(refname) %(objectname) %(*objectname) [5ms]
2025-03-13 21:13:34.400 [info] > git fetch [686ms]
2025-03-13 21:13:34.400 [info] Missing or invalid credentials.
Skip silent fetch commands
git@github.com: Permission denied (publickey).
fatal: Could not read from remote repository.

Please make sure you have the correct access rights
and the repository exists.
2025-03-13 21:13:34.415 [info] > git config --get commit.template [7ms]
2025-03-13 21:13:34.417 [info] > git for-each-ref --format=%(refname)%00%(upstream:short)%00%(objectname)%00%(upstream:track)%00%(upstream:remotename)%00%(upstream:remoteref) refs/heads/main refs/remotes/main [3ms]
2025-03-13 21:13:34.432 [info] > git status -z -uall [8ms]
2025-03-13 21:13:34.434 [info] > git for-each-ref --sort -committerdate --format %(refname) %(objectname) %(*objectname) [3ms]
2025-03-13 21:16:35.133 [info] > git fetch [680ms]
2025-03-13 21:16:35.133 [info] Missing or invalid credentials.
Skip silent fetch commands
git@github.com: Permission denied (publickey).
fatal: Could not read from remote repository.

Please make sure you have the correct access rights
and the repository exists.
2025-03-13 21:16:35.148 [info] > git config --get commit.template [7ms]
2025-03-13 21:16:35.151 [info] > git for-each-ref --format=%(refname)%00%(upstream:short)%00%(objectname)%00%(upstream:track)%00%(upstream:remotename)%00%(upstream:remoteref) refs/heads/main refs/remotes/main [3ms]
2025-03-13 21:16:35.168 [info] > git status -z -uall [9ms]
2025-03-13 21:16:35.171 [info] > git for-each-ref --sort -committerdate --format %(refname) %(objectname) %(*objectname) [4ms]
2025-03-13 21:19:35.877 [info] > git fetch [690ms]
2025-03-13 21:19:35.877 [info] Missing or invalid credentials.
Skip silent fetch commands
git@github.com: Permission denied (publickey).
fatal: Could not read from remote repository.

Please make sure you have the correct access rights
and the repository exists.
2025-03-13 21:19:35.895 [info] > git config --get commit.template [9ms]
2025-03-13 21:19:35.897 [info] > git for-each-ref --format=%(refname)%00%(upstream:short)%00%(objectname)%00%(upstream:track)%00%(upstream:remotename)%00%(upstream:remoteref) refs/heads/main refs/remotes/main [3ms]
2025-03-13 21:19:35.911 [info] > git status -z -uall [7ms]
2025-03-13 21:19:35.914 [info] > git for-each-ref --sort -committerdate --format %(refname) %(objectname) %(*objectname) [3ms]
2025-03-13 21:22:36.637 [info] > git fetch [706ms]
2025-03-13 21:22:36.637 [info] Missing or invalid credentials.
Skip silent fetch commands
git@github.com: Permission denied (publickey).
fatal: Could not read from remote repository.

Please make sure you have the correct access rights
and the repository exists.
2025-03-13 21:22:36.658 [info] > git config --get commit.template [8ms]
2025-03-13 21:22:36.660 [info] > git for-each-ref --format=%(refname)%00%(upstream:short)%00%(objectname)%00%(upstream:track)%00%(upstream:remotename)%00%(upstream:remoteref) refs/heads/main refs/remotes/main [3ms]
2025-03-13 21:22:36.674 [info] > git status -z -uall [7ms]
2025-03-13 21:22:36.677 [info] > git for-each-ref --sort -committerdate --format %(refname) %(objectname) %(*objectname) [4ms]
2025-03-13 21:25:37.377 [info] > git fetch [687ms]
2025-03-13 21:25:37.377 [info] Missing or invalid credentials.
Skip silent fetch commands
git@github.com: Permission denied (publickey).
fatal: Could not read from remote repository.

Please make sure you have the correct access rights
and the repository exists.
2025-03-13 21:25:37.394 [info] > git config --get commit.template [8ms]
2025-03-13 21:25:37.395 [info] > git for-each-ref --format=%(refname)%00%(upstream:short)%00%(objectname)%00%(upstream:track)%00%(upstream:remotename)%00%(upstream:remoteref) refs/heads/main refs/remotes/main [3ms]
2025-03-13 21:25:37.416 [info] > git status -z -uall [11ms]
2025-03-13 21:25:37.419 [info] > git for-each-ref --sort -committerdate --format %(refname) %(objectname) %(*objectname) [5ms]
2025-03-13 21:28:38.104 [info] > git fetch [670ms]
2025-03-13 21:28:38.104 [info] Missing or invalid credentials.
Skip silent fetch commands
git@github.com: Permission denied (publickey).
fatal: Could not read from remote repository.

Please make sure you have the correct access rights
and the repository exists.
2025-03-13 21:28:38.125 [info] > git config --get commit.template [12ms]
2025-03-13 21:28:38.126 [info] > git for-each-ref --format=%(refname)%00%(upstream:short)%00%(objectname)%00%(upstream:track)%00%(upstream:remotename)%00%(upstream:remoteref) refs/heads/main refs/remotes/main [3ms]
2025-03-13 21:28:38.142 [info] > git status -z -uall [8ms]
2025-03-13 21:28:38.145 [info] > git for-each-ref --sort -committerdate --format %(refname) %(objectname) %(*objectname) [3ms]
2025-03-13 21:31:38.820 [info] > git fetch [664ms]
2025-03-13 21:31:38.820 [info] Missing or invalid credentials.
Skip silent fetch commands
git@github.com: Permission denied (publickey).
fatal: Could not read from remote repository.

Please make sure you have the correct access rights
and the repository exists.
2025-03-13 21:31:38.838 [info] > git config --get commit.template [9ms]
2025-03-13 21:31:38.840 [info] > git for-each-ref --format=%(refname)%00%(upstream:short)%00%(objectname)%00%(upstream:track)%00%(upstream:remotename)%00%(upstream:remoteref) refs/heads/main refs/remotes/main [4ms]
2025-03-13 21:31:38.858 [info] > git status -z -uall [11ms]
2025-03-13 21:31:38.860 [info] > git for-each-ref --sort -committerdate --format %(refname) %(objectname) %(*objectname) [4ms]
2025-03-13 21:34:39.541 [info] > git fetch [669ms]
2025-03-13 21:34:39.541 [info] Missing or invalid credentials.
Skip silent fetch commands
git@github.com: Permission denied (publickey).
fatal: Could not read from remote repository.

Please make sure you have the correct access rights
and the repository exists.
2025-03-13 21:34:39.557 [info] > git config --get commit.template [8ms]
2025-03-13 21:34:39.559 [info] > git for-each-ref --format=%(refname)%00%(upstream:short)%00%(objectname)%00%(upstream:track)%00%(upstream:remotename)%00%(upstream:remoteref) refs/heads/main refs/remotes/main [3ms]
2025-03-13 21:34:39.575 [info] > git status -z -uall [9ms]
2025-03-13 21:34:39.577 [info] > git for-each-ref --sort -committerdate --format %(refname) %(objectname) %(*objectname) [4ms]
2025-03-13 21:37:40.264 [info] > git fetch [673ms]
2025-03-13 21:37:40.264 [info] Missing or invalid credentials.
Skip silent fetch commands
git@github.com: Permission denied (publickey).
fatal: Could not read from remote repository.

Please make sure you have the correct access rights
and the repository exists.
2025-03-13 21:37:40.280 [info] > git config --get commit.template [8ms]
2025-03-13 21:37:40.282 [info] > git for-each-ref --format=%(refname)%00%(upstream:short)%00%(objectname)%00%(upstream:track)%00%(upstream:remotename)%00%(upstream:remoteref) refs/heads/main refs/remotes/main [3ms]
2025-03-13 21:37:40.296 [info] > git status -z -uall [7ms]
2025-03-13 21:37:40.300 [info] > git for-each-ref --sort -committerdate --format %(refname) %(objectname) %(*objectname) [4ms]
2025-03-13 21:40:41.000 [info] > git fetch [687ms]
2025-03-13 21:40:41.000 [info] Missing or invalid credentials.
Skip silent fetch commands
git@github.com: Permission denied (publickey).
fatal: Could not read from remote repository.

Please make sure you have the correct access rights
and the repository exists.
2025-03-13 21:40:41.020 [info] > git config --get commit.template [10ms]
2025-03-13 21:40:41.023 [info] > git for-each-ref --format=%(refname)%00%(upstream:short)%00%(objectname)%00%(upstream:track)%00%(upstream:remotename)%00%(upstream:remoteref) refs/heads/main refs/remotes/main [4ms]
2025-03-13 21:40:41.037 [info] > git status -z -uall [7ms]
2025-03-13 21:40:41.040 [info] > git for-each-ref --sort -committerdate --format %(refname) %(objectname) %(*objectname) [4ms]
2025-03-13 22:15:22.607 [info] > git config --get commit.template [3ms]
2025-03-13 22:15:22.617 [info] > git for-each-ref --format=%(refname)%00%(upstream:short)%00%(objectname)%00%(upstream:track)%00%(upstream:remotename)%00%(upstream:remoteref) refs/heads/main refs/remotes/main [3ms]
2025-03-13 22:15:22.637 [info] > git status -z -uall [12ms]
2025-03-13 22:15:22.640 [info] > git for-each-ref --sort -committerdate --format %(refname) %(objectname) %(*objectname) [3ms]
2025-03-13 22:15:23.275 [info] > git fetch [682ms]
2025-03-13 22:15:23.275 [info] Missing or invalid credentials.
Skip silent fetch commands
git@github.com: Permission denied (publickey).
fatal: Could not read from remote repository.

Please make sure you have the correct access rights
and the repository exists.
2025-03-13 22:15:23.301 [info] > git config --get commit.template [12ms]
2025-03-13 22:15:23.309 [info] > git check-ignore -v -z --stdin [11ms]
2025-03-13 22:15:23.313 [info] > git for-each-ref --format=%(refname)%00%(upstream:short)%00%(objectname)%00%(upstream:track)%00%(upstream:remotename)%00%(upstream:remoteref) refs/heads/main refs/remotes/main [5ms]
2025-03-13 22:15:23.332 [info] > git status -z -uall [8ms]
2025-03-13 22:15:23.334 [info] > git for-each-ref --sort -committerdate --format %(refname) %(objectname) %(*objectname) [3ms]
2025-03-13 22:15:31.829 [info] > git config --get commit.template [2ms]
2025-03-13 22:15:31.840 [info] > git for-each-ref --format=%(refname)%00%(upstream:short)%00%(objectname)%00%(upstream:track)%00%(upstream:remotename)%00%(upstream:remoteref) refs/heads/main refs/remotes/main [4ms]
2025-03-13 22:15:31.863 [info] > git status -z -uall [13ms]
2025-03-13 22:15:31.866 [info] > git for-each-ref --sort -committerdate --format %(refname) %(objectname) %(*objectname) [4ms]
2025-03-13 22:56:15.987 [info] > git fetch [660ms]
2025-03-13 22:56:15.987 [info] Missing or invalid credentials.
Skip silent fetch commands
git@github.com: Permission denied (publickey).
fatal: Could not read from remote repository.

Please make sure you have the correct access rights
and the repository exists.
2025-03-13 22:56:16.004 [info] > git config --get commit.template [7ms]
2025-03-13 22:56:16.006 [info] > git for-each-ref --format=%(refname)%00%(upstream:short)%00%(objectname)%00%(upstream:track)%00%(upstream:remotename)%00%(upstream:remoteref) refs/heads/main refs/remotes/main [4ms]
2025-03-13 22:56:16.022 [info] > git status -z -uall [7ms]
2025-03-13 22:56:16.024 [info] > git for-each-ref --sort -committerdate --format %(refname) %(objectname) %(*objectname) [3ms]
2025-03-13 23:43:59.624 [info] > git fetch [718ms]
2025-03-13 23:43:59.625 [info] Missing or invalid credentials.
Skip silent fetch commands
git@github.com: Permission denied (publickey).
fatal: Could not read from remote repository.

Please make sure you have the correct access rights
and the repository exists.
2025-03-13 23:43:59.645 [info] > git config --get commit.template [11ms]
2025-03-13 23:43:59.647 [info] > git for-each-ref --format=%(refname)%00%(upstream:short)%00%(objectname)%00%(upstream:track)%00%(upstream:remotename)%00%(upstream:remoteref) refs/heads/main refs/remotes/main [4ms]
2025-03-13 23:43:59.672 [info] > git status -z -uall [14ms]
2025-03-13 23:43:59.676 [info] > git for-each-ref --sort -committerdate --format %(refname) %(objectname) %(*objectname) [5ms]
