2025-03-01 23:13:27.202 [info] Started local extension host with pid 10765.
2025-03-01 23:13:30.098 [info] [perf] Render performance baseline is 57ms
2025-03-01 23:48:32.029 [error] File seems to be binary and cannot be opened as text: Error: File seems to be binary and cannot be opened as text
    at Tct.M (vscode-file://vscode-app/usr/lib/code/out/vs/workbench/workbench.desktop.main.js:3203:9405)
    at async Tct.readStream (vscode-file://vscode-app/usr/lib/code/out/vs/workbench/workbench.desktop.main.js:3203:9032)
    at async Zge.Eb (vscode-file://vscode-app/usr/lib/code/out/vs/workbench/workbench.desktop.main.js:1268:12151)
    at async Zge.resolve (vscode-file://vscode-app/usr/lib/code/out/vs/workbench/workbench.desktop.main.js:1268:10626)
    at async Ict.W (vscode-file://vscode-app/usr/lib/code/out/vs/workbench/workbench.desktop.main.js:3203:5889)
    at async Q9e.r (vscode-file://vscode-app/usr/lib/code/out/vs/workbench/workbench.desktop.main.js:1268:21104)
    at async zpt.acquire (vscode-file://vscode-app/usr/lib/code/out/vs/workbench/workbench.desktop.main.js:27:3125)
    at async Z9e.createModelReference (vscode-file://vscode-app/usr/lib/code/out/vs/workbench/workbench.desktop.main.js:1268:22660)
    at async Promise.all (index 1)
    at async BCt.c (vscode-file://vscode-app/usr/lib/code/out/vs/workbench/workbench.desktop.main.js:725:21472)
2025-03-01 23:53:03.757 [error] File seems to be binary and cannot be opened as text: Error: File seems to be binary and cannot be opened as text
    at Tct.M (vscode-file://vscode-app/usr/lib/code/out/vs/workbench/workbench.desktop.main.js:3203:9405)
    at async Tct.readStream (vscode-file://vscode-app/usr/lib/code/out/vs/workbench/workbench.desktop.main.js:3203:9032)
    at async Zge.Eb (vscode-file://vscode-app/usr/lib/code/out/vs/workbench/workbench.desktop.main.js:1268:12151)
    at async Zge.resolve (vscode-file://vscode-app/usr/lib/code/out/vs/workbench/workbench.desktop.main.js:1268:10626)
    at async Ict.W (vscode-file://vscode-app/usr/lib/code/out/vs/workbench/workbench.desktop.main.js:3203:5889)
    at async Q9e.r (vscode-file://vscode-app/usr/lib/code/out/vs/workbench/workbench.desktop.main.js:1268:21104)
    at async zpt.acquire (vscode-file://vscode-app/usr/lib/code/out/vs/workbench/workbench.desktop.main.js:27:3125)
    at async Z9e.createModelReference (vscode-file://vscode-app/usr/lib/code/out/vs/workbench/workbench.desktop.main.js:1268:22660)
    at async Promise.all (index 1)
    at async BCt.c (vscode-file://vscode-app/usr/lib/code/out/vs/workbench/workbench.desktop.main.js:725:21472)
2025-03-02 00:26:49.647 [error] spawn truecolor ENOENT: Error: spawn truecolor ENOENT
    at ChildProcess._handle.onexit (node:internal/child_process:285:19)
    at onErrorNT (node:internal/child_process:483:16)
    at process.processTicksAndRejections (node:internal/process/task_queues:82:21)
2025-03-02 00:26:54.249 [error] spawn truecolor ENOENT: Error: spawn truecolor ENOENT
    at ChildProcess._handle.onexit (node:internal/child_process:285:19)
    at onErrorNT (node:internal/child_process:483:16)
    at process.processTicksAndRejections (node:internal/process/task_queues:82:21)
2025-03-02 00:30:33.239 [error] spawn truecolor ENOENT: Error: spawn truecolor ENOENT
    at ChildProcess._handle.onexit (node:internal/child_process:285:19)
    at onErrorNT (node:internal/child_process:483:16)
    at process.processTicksAndRejections (node:internal/process/task_queues:82:21)
2025-03-02 11:13:29.552 [error] Error while getting the latest version for the extension tombi-toml.tombi. Cannot read properties of undefined (reading 'replace')
2025-03-02 11:13:29.553 [error] Error while getting the latest version for the extension tamasfe.even-better-toml. Cannot read properties of undefined (reading 'replace')
