2025-03-01 23:17:21.648 [info] Using Language Server binary at /home/steven/.vscode-oss/extensions/tombi-toml.tombi-0.2.14-linux-x64/server/tombi
2025-03-01 23:17:21.648 [info] onDidOpenTextDocument: file:///home/steven/dotfiles/alacritty/.config/alacritty/alacritty.toml
2025-03-01 23:17:21.649 [info] onDidOpenTextDocument: vscode-scm:git/scm0/input?rootUri%3Dfile%253A%252F%252F%252Fhome%252Fsteven%252Fdotfiles
2025-03-01 23:17:21.649 [info] extension activated
2025-03-01 23:19:40.516 [info] onDidSaveTextDocument: file:///home/steven/dotfiles/alacritty/.config/alacritty/alacritty.toml
2025-03-01 23:19:42.959 [info] onDidSaveTextDocument: file:///home/steven/dotfiles/alacritty/.config/alacritty/alacritty.toml
2025-03-01 23:20:10.691 [info] onDidSaveTextDocument: file:///home/steven/dotfiles/alacritty/.config/alacritty/alacritty.toml
2025-03-01 23:20:28.004 [info] onDidSaveTextDocument: file:///home/steven/dotfiles/alacritty/.config/alacritty/alacritty.toml
2025-03-01 23:21:08.966 [info] onDidSaveTextDocument: file:///home/steven/dotfiles/alacritty/.config/alacritty/alacritty.toml
2025-03-01 23:21:17.512 [info] onDidSaveTextDocument: file:///home/steven/dotfiles/alacritty/.config/alacritty/alacritty.toml
2025-03-01 23:22:06.069 [info] onDidSaveTextDocument: file:///home/steven/dotfiles/alacritty/.config/alacritty/alacritty.toml
2025-03-01 23:22:07.998 [info] onDidSaveTextDocument: file:///home/steven/dotfiles/alacritty/.config/alacritty/alacritty.toml
2025-03-01 23:22:22.010 [info] onDidSaveTextDocument: file:///home/steven/dotfiles/alacritty/.config/alacritty/alacritty.toml
2025-03-01 23:22:26.531 [info] onDidSaveTextDocument: file:///home/steven/dotfiles/alacritty/.config/alacritty/alacritty.toml
2025-03-01 23:22:43.641 [info] onDidSaveTextDocument: file:///home/steven/dotfiles/alacritty/.config/alacritty/alacritty.toml
2025-03-01 23:23:14.594 [info] onDidSaveTextDocument: file:///home/steven/dotfiles/alacritty/.config/alacritty/alacritty.toml
2025-03-01 23:23:33.362 [info] onDidSaveTextDocument: file:///home/steven/dotfiles/alacritty/.config/alacritty/alacritty.toml
2025-03-01 23:23:37.177 [info] onDidSaveTextDocument: file:///home/steven/dotfiles/alacritty/.config/alacritty/alacritty.toml
2025-03-01 23:25:12.737 [info] onDidSaveTextDocument: file:///home/steven/dotfiles/alacritty/.config/alacritty/alacritty.toml
2025-03-01 23:25:45.535 [info] onDidSaveTextDocument: file:///home/steven/dotfiles/alacritty/.config/alacritty/alacritty.toml
2025-03-01 23:28:06.962 [info] onDidSaveTextDocument: file:///home/steven/dotfiles/alacritty/.config/alacritty/alacritty.toml
2025-03-01 23:28:33.080 [info] onDidSaveTextDocument: file:///home/steven/dotfiles/alacritty/.config/alacritty/alacritty.toml
2025-03-01 23:40:07.371 [info] onDidSaveTextDocument: file:///home/steven/dotfiles/alacritty/.config/alacritty/alacritty.toml
2025-03-01 23:49:06.778 [info] onDidSaveTextDocument: vscode-userdata:/home/steven/.config/Code%20-%20OSS/User/settings.json
2025-03-01 23:51:51.818 [info] onDidSaveTextDocument: file:///home/steven/dotfiles/alacritty/.config/alacritty/alacritty.toml
2025-03-01 23:59:43.316 [info] onDidSaveTextDocument: file:///home/steven/dotfiles/alacritty/.config/alacritty/alacritty.toml
2025-03-02 00:00:01.998 [info] onDidSaveTextDocument: file:///home/steven/dotfiles/alacritty/.config/alacritty/alacritty.toml
2025-03-02 00:00:26.541 [info] onDidSaveTextDocument: file:///home/steven/dotfiles/alacritty/.config/alacritty/alacritty.toml
2025-03-02 00:00:45.891 [info] onDidSaveTextDocument: file:///home/steven/dotfiles/alacritty/.config/alacritty/alacritty.toml
2025-03-02 00:01:20.623 [info] onDidSaveTextDocument: file:///home/steven/dotfiles/alacritty/.config/alacritty/alacritty.toml
2025-03-02 00:01:28.523 [info] onDidSaveTextDocument: file:///home/steven/dotfiles/alacritty/.config/alacritty/alacritty.toml
2025-03-02 00:04:11.448 [info] onDidSaveTextDocument: file:///home/steven/dotfiles/alacritty/.config/alacritty/alacritty.toml
2025-03-02 00:04:32.046 [info] onDidSaveTextDocument: file:///home/steven/dotfiles/alacritty/.config/alacritty/alacritty.toml
2025-03-02 00:04:37.132 [info] onDidSaveTextDocument: file:///home/steven/dotfiles/alacritty/.config/alacritty/alacritty.toml
2025-03-02 00:04:55.643 [info] onDidSaveTextDocument: file:///home/steven/dotfiles/alacritty/.config/alacritty/alacritty.toml
2025-03-02 00:05:15.306 [info] onDidSaveTextDocument: file:///home/steven/dotfiles/alacritty/.config/alacritty/alacritty.toml
2025-03-02 00:05:35.618 [info] onDidSaveTextDocument: file:///home/steven/dotfiles/alacritty/.config/alacritty/alacritty.toml
2025-03-02 00:05:45.943 [info] onDidSaveTextDocument: file:///home/steven/dotfiles/alacritty/.config/alacritty/alacritty.toml
2025-03-02 00:05:54.912 [info] onDidSaveTextDocument: file:///home/steven/dotfiles/alacritty/.config/alacritty/alacritty.toml
2025-03-02 00:05:56.602 [info] onDidSaveTextDocument: file:///home/steven/dotfiles/alacritty/.config/alacritty/alacritty.toml
2025-03-02 00:06:53.174 [info] onDidSaveTextDocument: file:///home/steven/dotfiles/alacritty/.config/alacritty/alacritty.toml
2025-03-02 00:25:12.439 [info] onDidSaveTextDocument: file:///home/steven/.config/i3/config
2025-03-02 00:27:34.137 [info] onDidSaveTextDocument: file:///home/steven/.config/i3/config
2025-03-02 00:31:01.797 [info] onDidSaveTextDocument: file:///home/steven/.config/i3/config
2025-03-02 00:32:21.757 [info] onDidSaveTextDocument: file:///home/steven/.config/i3/config
2025-03-02 00:35:34.806 [info] onDidSaveTextDocument: file:///home/steven/.config/i3/config
2025-03-02 00:39:36.890 [info] onDidSaveTextDocument: file:///home/steven/.config/i3/config
2025-03-02 00:39:48.355 [info] onDidSaveTextDocument: file:///home/steven/.config/i3/config
2025-03-02 00:39:50.609 [info] onDidSaveTextDocument: file:///home/steven/.config/i3/config
2025-03-02 00:41:57.918 [info] onDidSaveTextDocument: file:///home/steven/.config/i3/config
2025-03-02 00:47:17.407 [info] onDidSaveTextDocument: file:///home/steven/.config/i3/config
2025-03-02 00:48:33.158 [info] onDidSaveTextDocument: file:///home/steven/.config/i3/config
2025-03-02 10:45:00.254 [info] onDidSaveTextDocument: file:///home/steven/.config/i3/config
2025-03-02 11:01:20.696 [info] onDidSaveTextDocument: file:///home/steven/.config/i3/config
2025-03-02 11:01:46.864 [info] onDidSaveTextDocument: file:///home/steven/.config/i3/config
2025-03-02 11:01:48.828 [info] onDidSaveTextDocument: file:///home/steven/.config/i3/config
2025-03-02 11:03:24.270 [info] onDidSaveTextDocument: file:///home/steven/.config/i3/config
2025-03-02 11:27:51.234 [info] onDidSaveTextDocument: file:///home/steven/.config/i3/config
2025-03-02 11:29:36.524 [info] onDidSaveTextDocument: file:///home/steven/.config/i3/config
